<?xml version="1.0" encoding="UTF-8"?>
<!-- Generated by org.testng.reporters.JUnitXMLReporter -->
<testsuite hostname="Mres00" ignored="3" name="TestForGmailCom" tests="2" failures="1" timestamp="26 июн 2017 12:21:44 GMT" time="64.528" errors="0">
  <testcase name="testExitGmailCom" time="30.048" classname="by.hancharou.tests.AllTests">
    <failure type="org.openqa.selenium.NoSuchElementException" message="Unable to locate element: .gb_8a.gbii
For documentation on this error, please visit: http://seleniumhq.org/exceptions/no_such_element.html
Build info: version: &amp;apos;3.4.0&amp;apos;, revision: &amp;apos;unknown&amp;apos;, time: &amp;apos;unknown&amp;apos;
System info: host: &amp;apos;MRES00&amp;apos;, ip: &amp;apos;10.177.139.20&amp;apos;, os.name: &amp;apos;Windows 7&amp;apos;, os.arch: &amp;apos;x86&amp;apos;, os.version: &amp;apos;6.1&amp;apos;, java.version: &amp;apos;1.8.0_131&amp;apos;
Driver info: org.openqa.selenium.firefox.FirefoxDriver
Capabilities [{moz:profile=C:\Users\User\AppData\Local\Temp\rust_mozprofile.4qxH0jEV2CG0, rotatable=false, timeouts={implicit=0.0, pageLoad=300000.0, script=30000.0}, pageLoadStrategy=normal, platform=ANY, specificationLevel=0.0, moz:accessibilityChecks=false, acceptInsecureCerts=false, browserVersion=54.0, platformVersion=6.1, moz:processID=4996.0, browserName=firefox, javascriptEnabled=true, platformName=windows_nt}]
Session ID: 498d9038-787a-4095-b51b-460205b71cb7
*** Element info: {Using=css selector, value=.gb_8a.gbii}">
      <![CDATA[org.openqa.selenium.NoSuchElementException: Unable to locate element: .gb_8a.gbii
For documentation on this error, please visit: http://seleniumhq.org/exceptions/no_such_element.html
Build info: version: '3.4.0', revision: 'unknown', time: 'unknown'
System info: host: 'MRES00', ip: '10.177.139.20', os.name: 'Windows 7', os.arch: 'x86', os.version: '6.1', java.version: '1.8.0_131'
Driver info: org.openqa.selenium.firefox.FirefoxDriver
Capabilities [{moz:profile=C:\Users\User\AppData\Local\Temp\rust_mozprofile.4qxH0jEV2CG0, rotatable=false, timeouts={implicit=0.0, pageLoad=300000.0, script=30000.0}, pageLoadStrategy=normal, platform=ANY, specificationLevel=0.0, moz:accessibilityChecks=false, acceptInsecureCerts=false, browserVersion=54.0, platformVersion=6.1, moz:processID=4996.0, browserName=firefox, javascriptEnabled=true, platformName=windows_nt}]
Session ID: 498d9038-787a-4095-b51b-460205b71cb7
*** Element info: {Using=css selector, value=.gb_8a.gbii}
	at org.openqa.selenium.remote.http.W3CHttpResponseCodec.createException(W3CHttpResponseCodec.java:150)
	at org.openqa.selenium.remote.http.W3CHttpResponseCodec.decode(W3CHttpResponseCodec.java:115)
	at org.openqa.selenium.remote.http.W3CHttpResponseCodec.decode(W3CHttpResponseCodec.java:45)
	at org.openqa.selenium.remote.HttpCommandExecutor.execute(HttpCommandExecutor.java:164)
	at org.openqa.selenium.remote.service.DriverCommandExecutor.execute(DriverCommandExecutor.java:82)
	at org.openqa.selenium.remote.RemoteWebDriver.execute(RemoteWebDriver.java:637)
	at org.openqa.selenium.remote.RemoteWebDriver.findElement(RemoteWebDriver.java:410)
	at org.openqa.selenium.remote.RemoteWebDriver.findElementByCssSelector(RemoteWebDriver.java:501)
	at org.openqa.selenium.By$ByCssSelector.findElement(By.java:430)
	at org.openqa.selenium.remote.RemoteWebDriver.findElement(RemoteWebDriver.java:402)
	at org.openqa.selenium.support.pagefactory.DefaultElementLocator.findElement(DefaultElementLocator.java:69)
	at org.openqa.selenium.support.pagefactory.internal.LocatingElementHandler.invoke(LocatingElementHandler.java:38)
	at com.sun.proxy.$Proxy8.click(Unknown Source)
	at com.gmail.pages.ExitPage.exitMail(ExitPage.java:22)
	at by.hancharou.tests.AllTests.testExitGmailCom(AllTests.java:105)
... Removed 29 stack frames]]>
    </failure>
  </testcase> <!-- testExitGmailCom -->
  <testcase name="testGmailCom" time="24.866" classname="by.hancharou.tests.AllTests"/>
  <testcase name="testIndexPage" time="0.0" classname="by.hancharou.tests.AllTests">
    <ignored/>
  </testcase> <!-- testIndexPage -->
  <testcase name="testSearchLinks" time="0.0" classname="by.hancharou.tests.AllTests">
    <ignored/>
  </testcase> <!-- testSearchLinks -->
  <testcase name="testSearchAmount" time="0.0" classname="by.hancharou.tests.AllTests">
    <ignored/>
  </testcase> <!-- testSearchAmount -->
</testsuite> <!-- TestForGmailCom -->
